2025-01-28 22:46:52,351 - INFO - === НАЧАЛО РАБОТЫ СКРИПТА ===
2025-01-28 22:46:52,351 - INFO - Начало загрузки данных: df_sales.xlsx, df_funnel.xlsx
2025-01-28 22:46:52,480 - INFO - Успешно загружено 500 строк продаж и 6 строк воронки
2025-01-28 22:46:52,481 - INFO - Этап 1/10: Гистограмма продаж по дням
2025-01-28 22:46:52,481 - INFO - Начало построения гистограммы продаж по дням
2025-01-28 22:46:52,547 - INFO - Гистограмма сохранена в output_histogram.png
2025-01-28 22:46:52,547 - INFO - Этап 2/10: Boxplot по категориям
2025-01-28 22:46:52,548 - INFO - Начало построения boxplot по категориям
2025-01-28 22:46:52,612 - INFO - Boxplot сохранен в output_boxplot.png
2025-01-28 22:46:52,612 - INFO - Этап 3/10: Столбчатая диаграмма по подкатегориям
2025-01-28 22:46:52,613 - INFO - Начало построения столбчатой диаграммы по подкатегориям
2025-01-28 22:46:52,666 - INFO - Столбчатая диаграмма сохранена в output_bar_chart.png
2025-01-28 22:46:52,666 - INFO - Этап 4/10: Линейная диаграмма по категориям
2025-01-28 22:46:52,668 - INFO - Начало построения линейной диаграммы по категориям
2025-01-28 22:46:52,835 - INFO - Линейная диаграмма сохранена в output_line_chart.png
2025-01-28 22:46:52,835 - INFO - Этап 5/10: Круговая диаграмма по категориям
2025-01-28 22:46:52,835 - INFO - Начало построения круговой диаграммы по категориям
2025-01-28 22:46:52,869 - INFO - Круговая диаграмма сохранена в output_pie_chart.png
2025-01-28 22:46:52,870 - INFO - Этап 6/10: Маркетинговая воронка
2025-01-28 22:46:52,870 - INFO - Начало построения маркетинговой воронки
2025-01-28 22:53:59,605 - INFO - === НАЧАЛО РАБОТЫ СКРИПТА ===
2025-01-28 22:53:59,606 - INFO - Начало загрузки данных: df_sales.xlsx, df_funnel.xlsx
2025-01-28 22:53:59,736 - INFO - Успешно загружено 500 строк продаж и 6 строк воронки
2025-01-28 22:53:59,736 - INFO - Этап 1/10: Гистограмма продаж по дням
2025-01-28 22:53:59,737 - INFO - Начало построения гистограммы продаж по дням
2025-01-28 22:53:59,843 - INFO - Гистограмма сохранена в output_histogram.png
2025-01-28 22:53:59,858 - INFO - Этап 2/10: Boxplot по категориям
2025-01-28 22:53:59,859 - INFO - Начало построения boxplot по категориям
2025-01-28 22:53:59,951 - INFO - Boxplot сохранен в output_boxplot.png
2025-01-28 22:53:59,956 - INFO - Этап 3/10: Столбчатая диаграмма по подкатегориям
2025-01-28 22:53:59,957 - INFO - Начало построения столбчатой диаграммы по подкатегориям
2025-01-28 22:54:00,036 - INFO - Столбчатая диаграмма сохранена в output_bar_chart.png
2025-01-28 22:54:00,041 - INFO - Этап 4/10: Линейная диаграмма по категориям
2025-01-28 22:54:00,043 - INFO - Начало построения линейной диаграммы по категориям
2025-01-28 22:54:00,259 - INFO - Линейная диаграмма сохранена в output_line_chart.png
2025-01-28 22:54:00,265 - INFO - Этап 5/10: Круговая диаграмма по категориям
2025-01-28 22:54:00,265 - INFO - Начало построения круговой диаграммы по категориям
2025-01-28 22:54:00,325 - INFO - Круговая диаграмма сохранена в output_pie_chart.png
2025-01-28 22:54:00,330 - INFO - Этап 6/10: Маркетинговая воронка
2025-01-28 22:54:00,330 - INFO - Начало построения маркетинговой воронки
2025-01-28 22:56:09,479 - INFO - === НАЧАЛО РАБОТЫ СКРИПТА ===
2025-01-28 22:56:09,479 - INFO - Начало загрузки данных: df_sales.xlsx, df_funnel.xlsx
2025-01-28 22:56:09,617 - INFO - Успешно загружено 500 строк продаж и 6 строк воронки
2025-01-28 22:56:09,617 - INFO - Этап 1/10: Гистограмма продаж по дням
2025-01-28 22:56:09,618 - INFO - Начало построения гистограммы продаж по дням
2025-01-28 22:56:09,729 - INFO - Гистограмма сохранена в output_histogram.png
2025-01-28 22:56:09,743 - INFO - Этап 2/10: Boxplot по категориям
2025-01-28 22:56:09,744 - INFO - Начало построения boxplot по категориям
2025-01-28 22:56:09,838 - INFO - Boxplot сохранен в output_boxplot.png
2025-01-28 22:56:09,844 - INFO - Этап 3/10: Столбчатая диаграмма по подкатегориям
2025-01-28 22:56:09,845 - INFO - Начало построения столбчатой диаграммы по подкатегориям
2025-01-28 22:56:09,921 - INFO - Столбчатая диаграмма сохранена в output_bar_chart.png
2025-01-28 22:56:09,926 - INFO - Этап 4/10: Линейная диаграмма по категориям
2025-01-28 22:56:09,928 - INFO - Начало построения линейной диаграммы по категориям
2025-01-28 22:56:10,147 - INFO - Линейная диаграмма сохранена в output_line_chart.png
2025-01-28 22:56:10,152 - INFO - Этап 5/10: Круговая диаграмма по категориям
2025-01-28 22:56:10,152 - INFO - Начало построения круговой диаграммы по категориям
2025-01-28 22:56:10,213 - INFO - Круговая диаграмма сохранена в output_pie_chart.png
2025-01-28 22:56:10,217 - INFO - Этап 6/10: Маркетинговая воронка
2025-01-28 22:56:10,218 - INFO - Начало построения маркетинговой воронки
2025-01-28 22:57:14,956 - INFO - === НАЧАЛО РАБОТЫ СКРИПТА ===
2025-01-28 22:57:14,956 - INFO - Начало загрузки данных: df_sales.xlsx, df_funnel.xlsx
2025-01-28 22:57:15,089 - INFO - Успешно загружено 500 строк продаж и 6 строк воронки
2025-01-28 22:57:15,089 - INFO - Этап 1/10: Гистограмма продаж по дням
2025-01-28 22:57:15,091 - INFO - Начало построения гистограммы продаж по дням
2025-01-28 22:57:15,195 - INFO - Гистограмма сохранена в output_histogram.png
2025-01-28 22:57:15,210 - INFO - Этап 2/10: Boxplot по категориям
2025-01-28 22:57:15,212 - INFO - Начало построения boxplot по категориям
2025-01-28 22:57:15,306 - INFO - Boxplot сохранен в output_boxplot.png
2025-01-28 22:57:15,314 - INFO - Этап 3/10: Столбчатая диаграмма по подкатегориям
2025-01-28 22:57:15,315 - INFO - Начало построения столбчатой диаграммы по подкатегориям
2025-01-28 22:57:15,394 - INFO - Столбчатая диаграмма сохранена в output_bar_chart.png
2025-01-28 22:57:15,399 - INFO - Этап 4/10: Линейная диаграмма по категориям
2025-01-28 22:57:15,401 - INFO - Начало построения линейной диаграммы по категориям
2025-01-28 22:57:15,622 - INFO - Линейная диаграмма сохранена в output_line_chart.png
2025-01-28 22:57:15,627 - INFO - Этап 5/10: Круговая диаграмма по категориям
2025-01-28 22:57:15,628 - INFO - Начало построения круговой диаграммы по категориям
2025-01-28 22:57:15,692 - INFO - Круговая диаграмма сохранена в output_pie_chart.png
2025-01-28 22:57:15,695 - INFO - Этап 6/10: Маркетинговая воронка
2025-01-28 22:57:15,695 - INFO - Начало построения маркетинговой воронки
2025-01-28 22:57:15,771 - INFO - Воронка сохранена в output_funnel_chart.png
2025-01-28 22:57:15,771 - INFO - Этап 7/10: Анализ цен
2025-01-28 22:57:15,771 - INFO - Начало построения распределения цен
2025-01-28 22:57:15,858 - INFO - Гистограмма цен сохранена в output_price_distribution.png
2025-01-28 22:57:15,863 - INFO - Этап 8/10: Анализ времени доставки
2025-01-28 22:57:15,863 - INFO - Начало анализа времени доставки
2025-01-28 22:57:15,953 - INFO - График времени доставки сохранен в output_delivery_time_trend.png
2025-01-28 22:57:15,958 - INFO - Этап 9/10: Анализ рейтинга товаров
2025-01-28 22:57:15,958 - INFO - Начало анализа рейтинга товаров
2025-01-28 22:57:16,047 - INFO - График рейтинга сохранен в output_rating_boxplot.png
2025-01-28 22:57:16,051 - INFO - Этап 10/10: Анализ способов оплаты
2025-01-28 22:57:16,051 - INFO - Начало анализа способов оплаты
2025-01-28 22:57:16,117 - INFO - Диаграмма оплат сохранена в output_payment_method_pie_chart.png
2025-01-28 22:57:16,122 - INFO - === АНАЛИЗ УСПЕШНО ЗАВЕРШЕН ===
2025-01-28 22:59:56,444 - INFO - === НАЧАЛО РАБОТЫ СКРИПТА ===
2025-01-28 22:59:56,444 - INFO - Начало загрузки данных: df_sales.xlsx, df_funnel.xlsx
2025-01-28 22:59:56,574 - INFO - Успешно загружено 500 строк продаж и 6 строк воронки
2025-01-28 22:59:56,574 - INFO - Этап 1/10: Гистограмма продаж по дням
2025-01-28 22:59:56,575 - INFO - Начало построения гистограммы продаж по дням
2025-01-28 22:59:56,678 - INFO - Гистограмма сохранена в output_histogram.png
2025-01-28 22:59:56,692 - INFO - Этап 2/10: Boxplot по категориям
2025-01-28 22:59:56,694 - INFO - Начало построения boxplot по категориям
2025-01-28 22:59:56,790 - INFO - Boxplot сохранен в output_boxplot.png
2025-01-28 22:59:56,797 - INFO - Этап 3/10: Столбчатая диаграмма по подкатегориям
2025-01-28 22:59:56,798 - INFO - Начало построения столбчатой диаграммы по подкатегориям
2025-01-28 22:59:56,875 - INFO - Столбчатая диаграмма сохранена в output_bar_chart.png
2025-01-28 22:59:56,880 - INFO - Этап 4/10: Линейная диаграмма по категориям
2025-01-28 22:59:56,882 - INFO - Начало построения линейной диаграммы по категориям
2025-01-28 22:59:57,097 - INFO - Линейная диаграмма сохранена в output_line_chart.png
2025-01-28 22:59:57,103 - INFO - Этап 5/10: Круговая диаграмма по категориям
2025-01-28 22:59:57,103 - INFO - Начало построения круговой диаграммы по категориям
2025-01-28 22:59:57,163 - INFO - Круговая диаграмма сохранена в output_pie_chart.png
2025-01-28 22:59:57,167 - INFO - Этап 6/10: Маркетинговая воронка
2025-01-28 22:59:57,168 - INFO - Начало построения маркетинговой воронки
2025-01-28 23:00:29,795 - INFO - === НАЧАЛО РАБОТЫ СКРИПТА ===
2025-01-28 23:00:29,795 - INFO - Начало загрузки данных: df_sales.xlsx, df_funnel.xlsx
2025-01-28 23:00:29,925 - INFO - Успешно загружено 500 строк продаж и 6 строк воронки
2025-01-28 23:00:29,925 - INFO - Этап 1/10: Гистограмма продаж по дням
2025-01-28 23:00:29,926 - INFO - Начало построения гистограммы продаж по дням
2025-01-28 23:00:30,033 - INFO - Гистограмма сохранена в output_histogram.png
2025-01-28 23:00:30,046 - INFO - Этап 2/10: Boxplot по категориям
2025-01-28 23:00:30,048 - INFO - Начало построения boxplot по категориям
2025-01-28 23:00:30,141 - INFO - Boxplot сохранен в output_boxplot.png
2025-01-28 23:00:30,145 - INFO - Этап 3/10: Столбчатая диаграмма по подкатегориям
2025-01-28 23:00:30,146 - INFO - Начало построения столбчатой диаграммы по подкатегориям
2025-01-28 23:00:30,224 - INFO - Столбчатая диаграмма сохранена в output_bar_chart.png
2025-01-28 23:00:30,229 - INFO - Этап 4/10: Линейная диаграмма по категориям
2025-01-28 23:00:30,231 - INFO - Начало построения линейной диаграммы по категориям
2025-01-28 23:00:30,449 - INFO - Линейная диаграмма сохранена в output_line_chart.png
2025-01-28 23:00:30,454 - INFO - Этап 5/10: Круговая диаграмма по категориям
2025-01-28 23:00:30,454 - INFO - Начало построения круговой диаграммы по категориям
2025-01-28 23:00:30,514 - INFO - Круговая диаграмма сохранена в output_pie_chart.png
2025-01-28 23:00:30,517 - INFO - Этап 6/10: Маркетинговая воронка
2025-01-28 23:00:30,518 - INFO - Начало построения маркетинговой воронки
2025-01-28 23:01:28,148 - INFO - === НАЧАЛО РАБОТЫ СКРИПТА ===
2025-01-28 23:01:28,148 - INFO - Начало загрузки данных: df_sales.xlsx, df_funnel.xlsx
2025-01-28 23:01:28,280 - INFO - Успешно загружено 500 строк продаж и 6 строк воронки
2025-01-28 23:01:28,280 - INFO - Этап 1/10: Гистограмма продаж по дням
2025-01-28 23:01:28,281 - INFO - Начало построения гистограммы продаж по дням
2025-01-28 23:01:28,391 - INFO - Гистограмма сохранена в output_histogram.png
2025-01-28 23:01:28,405 - INFO - Этап 2/10: Boxplot по категориям
2025-01-28 23:01:28,406 - INFO - Начало построения boxplot по категориям
2025-01-28 23:01:28,498 - INFO - Boxplot сохранен в output_boxplot.png
2025-01-28 23:01:28,503 - INFO - Этап 3/10: Столбчатая диаграмма по подкатегориям
2025-01-28 23:01:28,505 - INFO - Начало построения столбчатой диаграммы по подкатегориям
2025-01-28 23:01:28,581 - INFO - Столбчатая диаграмма сохранена в output_bar_chart.png
2025-01-28 23:01:28,587 - INFO - Этап 4/10: Линейная диаграмма по категориям
2025-01-28 23:01:28,589 - INFO - Начало построения линейной диаграммы по категориям
2025-01-28 23:01:28,806 - INFO - Линейная диаграмма сохранена в output_line_chart.png
2025-01-28 23:01:28,811 - INFO - Этап 5/10: Круговая диаграмма по категориям
2025-01-28 23:01:28,812 - INFO - Начало построения круговой диаграммы по категориям
2025-01-28 23:01:28,870 - INFO - Круговая диаграмма сохранена в output_pie_chart.png
2025-01-28 23:01:28,874 - INFO - Этап 6/10: Маркетинговая воронка
2025-01-28 23:01:28,874 - INFO - Начало построения маркетинговой воронки
2025-01-28 23:01:28,952 - INFO - Попытка сохранить воронку в файл output_funnel_chart.png
2025-01-28 23:02:47,050 - INFO - === НАЧАЛО РАБОТЫ СКРИПТА ===
2025-01-28 23:02:47,050 - INFO - Начало загрузки данных: df_sales.xlsx, df_funnel.xlsx
2025-01-28 23:02:47,176 - INFO - Успешно загружено 500 строк продаж и 6 строк воронки
2025-01-28 23:02:47,176 - INFO - Этап 1/10: Гистограмма продаж по дням
2025-01-28 23:02:47,177 - INFO - Начало построения гистограммы продаж по дням
2025-01-28 23:02:47,281 - INFO - Гистограмма сохранена в output_histogram.png
2025-01-28 23:02:47,296 - INFO - Этап 2/10: Boxplot по категориям
2025-01-28 23:02:47,297 - INFO - Начало построения boxplot по категориям
2025-01-28 23:02:47,389 - INFO - Boxplot сохранен в output_boxplot.png
2025-01-28 23:02:47,395 - INFO - Этап 3/10: Столбчатая диаграмма по подкатегориям
2025-01-28 23:02:47,396 - INFO - Начало построения столбчатой диаграммы по подкатегориям
2025-01-28 23:02:47,473 - INFO - Столбчатая диаграмма сохранена в output_bar_chart.png
2025-01-28 23:02:47,477 - INFO - Этап 4/10: Линейная диаграмма по категориям
2025-01-28 23:02:47,478 - INFO - Начало построения линейной диаграммы по категориям
2025-01-28 23:02:47,692 - INFO - Линейная диаграмма сохранена в output_line_chart.png
2025-01-28 23:02:47,697 - INFO - Этап 5/10: Круговая диаграмма по категориям
2025-01-28 23:02:47,698 - INFO - Начало построения круговой диаграммы по категориям
2025-01-28 23:02:47,757 - INFO - Круговая диаграмма сохранена в output_pie_chart.png
2025-01-28 23:02:47,761 - INFO - Этап 6/10: Маркетинговая воронка
2025-01-28 23:02:47,761 - INFO - Начало построения маркетинговой воронки
2025-01-28 23:02:47,833 - INFO - Попытка сохранить воронку в файл output_funnel_chart.png
2025-01-28 23:02:47,842 - ERROR - Ошибка при сохранении воронки: Image generation requires the requests package.

Install using pip:
    $ pip install requests

Install using conda:
    $ conda install requests
Traceback (most recent call last):
  File "C:\Users\reage\PycharmProjects\visualization_date\main.py", line 148, in plot_funnel_chart
    fig.write_image("output_funnel_chart.png", engine="orca")
  File "C:\Users\reage\PycharmProjects\visualization_date\.venv\lib\site-packages\plotly\basedatatypes.py", line 3827, in write_image
    return pio.write_image(self, *args, **kwargs)
  File "C:\Users\reage\PycharmProjects\visualization_date\.venv\lib\site-packages\plotly\io\_kaleido.py", line 266, in write_image
    img_data = to_image(
  File "C:\Users\reage\PycharmProjects\visualization_date\.venv\lib\site-packages\plotly\io\_kaleido.py", line 115, in to_image
    return to_image_orca(
  File "C:\Users\reage\PycharmProjects\visualization_date\.venv\lib\site-packages\plotly\io\_orca.py", line 1468, in to_image
    ensure_server()
  File "C:\Users\reage\PycharmProjects\visualization_date\.venv\lib\site-packages\plotly\io\_orca.py", line 1307, in ensure_server
    raise ValueError(
ValueError: Image generation requires the requests package.

Install using pip:
    $ pip install requests

Install using conda:
    $ conda install requests

2025-01-28 23:02:47,997 - INFO - Воронка отображена интерактивно из-за ошибки.
2025-01-28 23:02:47,997 - INFO - Этап 7/10: Анализ цен
2025-01-28 23:02:47,997 - INFO - Начало построения распределения цен
2025-01-28 23:02:48,093 - INFO - Гистограмма цен сохранена в output_price_distribution.png
2025-01-28 23:02:48,100 - INFO - Этап 8/10: Анализ времени доставки
2025-01-28 23:02:48,100 - INFO - Начало анализа времени доставки
2025-01-28 23:02:48,197 - INFO - График времени доставки сохранен в output_delivery_time_trend.png
2025-01-28 23:02:48,204 - INFO - Этап 9/10: Анализ рейтинга товаров
2025-01-28 23:02:48,204 - INFO - Начало анализа рейтинга товаров
2025-01-28 23:02:48,297 - INFO - График рейтинга сохранен в output_rating_boxplot.png
2025-01-28 23:02:48,301 - INFO - Этап 10/10: Анализ способов оплаты
2025-01-28 23:02:48,302 - INFO - Начало анализа способов оплаты
2025-01-28 23:02:48,366 - INFO - Диаграмма оплат сохранена в output_payment_method_pie_chart.png
2025-01-28 23:02:48,372 - INFO - === АНАЛИЗ УСПЕШНО ЗАВЕРШЕН ===
2025-01-28 23:05:18,388 - INFO - === НАЧАЛО РАБОТЫ СКРИПТА ===
2025-01-28 23:05:18,388 - INFO - Начало загрузки данных: df_sales.xlsx, df_funnel.xlsx
2025-01-28 23:05:18,525 - INFO - Успешно загружено 500 строк продаж и 6 строк воронки
2025-01-28 23:05:18,525 - INFO - Этап 1/10: Гистограмма продаж по дням
2025-01-28 23:05:18,526 - INFO - Начало построения гистограммы продаж по дням
2025-01-28 23:05:18,634 - INFO - Гистограмма сохранена в output_histogram.png
2025-01-28 23:05:18,649 - INFO - Этап 2/10: Boxplot по категориям
2025-01-28 23:05:18,650 - INFO - Начало построения boxplot по категориям
2025-01-28 23:05:18,745 - INFO - Boxplot сохранен в output_boxplot.png
2025-01-28 23:05:18,751 - INFO - Этап 3/10: Столбчатая диаграмма по подкатегориям
2025-01-28 23:05:18,752 - INFO - Начало построения столбчатой диаграммы по подкатегориям
2025-01-28 23:05:18,828 - INFO - Столбчатая диаграмма сохранена в output_bar_chart.png
2025-01-28 23:05:18,833 - INFO - Этап 4/10: Линейная диаграмма по категориям
2025-01-28 23:05:18,835 - INFO - Начало построения линейной диаграммы по категориям
2025-01-28 23:05:19,055 - INFO - Линейная диаграмма сохранена в output_line_chart.png
2025-01-28 23:05:19,060 - INFO - Этап 5/10: Круговая диаграмма по категориям
2025-01-28 23:05:19,060 - INFO - Начало построения круговой диаграммы по категориям
2025-01-28 23:05:19,121 - INFO - Круговая диаграмма сохранена в output_pie_chart.png
2025-01-28 23:05:19,125 - INFO - Этап 6/10: Маркетинговая воронка
2025-01-28 23:05:19,126 - INFO - Начало построения маркетинговой воронки
2025-01-28 23:05:19,199 - INFO - Попытка сохранить воронку в файл output_funnel_chart.png
2025-01-28 23:09:17,205 - INFO - === НАЧАЛО РАБОТЫ СКРИПТА ===
2025-01-28 23:09:17,205 - INFO - Начало загрузки данных: df_sales.xlsx, df_funnel.xlsx
2025-01-28 23:09:17,336 - INFO - Успешно загружено 500 строк продаж и 6 строк воронки
2025-01-28 23:09:17,336 - INFO - Этап 1/10: Гистограмма продаж по дням
2025-01-28 23:09:17,337 - INFO - Начало построения гистограммы продаж по дням
2025-01-28 23:09:17,451 - INFO - Гистограмма сохранена в output_histogram.png
2025-01-28 23:09:17,467 - INFO - Этап 2/10: Boxplot по категориям
2025-01-28 23:09:17,468 - INFO - Начало построения boxplot по категориям
2025-01-28 23:09:17,566 - INFO - Boxplot сохранен в output_boxplot.png
2025-01-28 23:09:17,571 - INFO - Этап 3/10: Столбчатая диаграмма по подкатегориям
2025-01-28 23:09:17,572 - INFO - Начало построения столбчатой диаграммы по подкатегориям
2025-01-28 23:09:17,652 - INFO - Столбчатая диаграмма сохранена в output_bar_chart.png
2025-01-28 23:09:17,658 - INFO - Этап 4/10: Линейная диаграмма по категориям
2025-01-28 23:09:17,659 - INFO - Начало построения линейной диаграммы по категориям
2025-01-28 23:09:17,945 - INFO - Линейная диаграмма сохранена в output_line_chart.png
2025-01-28 23:09:17,950 - INFO - Этап 5/10: Круговая диаграмма по категориям
2025-01-28 23:09:17,951 - INFO - Начало построения круговой диаграммы по категориям
2025-01-28 23:09:18,011 - INFO - Круговая диаграмма сохранена в output_pie_chart.png
2025-01-28 23:09:18,017 - INFO - Этап 6/10: Маркетинговая воронка
2025-01-28 23:09:18,017 - INFO - Начало построения маркетинговой воронки
2025-01-28 23:09:18,098 - INFO - Попытка сохранить воронку в файл output_funnel_chart.png
2025-01-28 23:11:02,726 - INFO - === НАЧАЛО РАБОТЫ СКРИПТА ===
2025-01-28 23:11:02,726 - INFO - Начало загрузки данных: df_sales.xlsx, df_funnel.xlsx
2025-01-28 23:11:02,841 - INFO - Успешно загружено 500 строк продаж и 6 строк воронки
2025-01-28 23:11:02,841 - INFO - Этап 1/10: Гистограмма продаж по дням
2025-01-28 23:11:02,841 - INFO - Начало построения гистограммы продаж по дням
2025-01-28 23:11:02,943 - INFO - Гистограмма сохранена в output_histogram.png
2025-01-28 23:11:02,956 - INFO - Этап 2/10: Boxplot по категориям
2025-01-28 23:11:02,957 - INFO - Начало построения boxplot по категориям
2025-01-28 23:11:03,048 - INFO - Boxplot сохранен в output_boxplot.png
2025-01-28 23:11:03,054 - INFO - Этап 3/10: Столбчатая диаграмма по подкатегориям
2025-01-28 23:11:03,055 - INFO - Начало построения столбчатой диаграммы по подкатегориям
2025-01-28 23:11:03,134 - INFO - Столбчатая диаграмма сохранена в output_bar_chart.png
2025-01-28 23:11:03,138 - INFO - Этап 4/10: Линейная диаграмма по категориям
2025-01-28 23:11:03,140 - INFO - Начало построения линейной диаграммы по категориям
2025-01-28 23:11:03,362 - INFO - Линейная диаграмма сохранена в output_line_chart.png
2025-01-28 23:11:03,367 - INFO - Этап 5/10: Круговая диаграмма по категориям
2025-01-28 23:11:03,367 - INFO - Начало построения круговой диаграммы по категориям
2025-01-28 23:11:03,426 - INFO - Круговая диаграмма сохранена в output_pie_chart.png
2025-01-28 23:11:03,431 - INFO - Этап 6/10: Маркетинговая воронка
2025-01-28 23:11:03,431 - INFO - Начало построения маркетинговой воронки
2025-01-28 23:11:03,504 - INFO - Попытка сохранить воронку в файл output_funnel_chart.png
2025-01-28 23:13:13,800 - INFO - === НАЧАЛО РАБОТЫ СКРИПТА ===
2025-01-28 23:13:13,801 - INFO - Начало загрузки данных: df_sales.xlsx, df_funnel.xlsx
2025-01-28 23:13:13,929 - INFO - Успешно загружено 500 строк продаж и 6 строк воронки
2025-01-28 23:13:13,929 - INFO - Этап 1/10: Гистограмма продаж по дням
2025-01-28 23:13:13,930 - INFO - Начало построения гистограммы продаж по дням
2025-01-28 23:13:13,989 - INFO - Гистограмма сохранена в output_histogram.png
2025-01-28 23:13:13,989 - INFO - Этап 2/10: Boxplot по категориям
2025-01-28 23:13:13,990 - INFO - Начало построения boxplot по категориям
2025-01-28 23:13:14,055 - INFO - Boxplot сохранен в output_boxplot.png
2025-01-28 23:13:14,055 - INFO - Этап 3/10: Столбчатая диаграмма по подкатегориям
2025-01-28 23:13:14,056 - INFO - Начало построения столбчатой диаграммы по подкатегориям
2025-01-28 23:13:14,112 - INFO - Столбчатая диаграмма сохранена в output_bar_chart.png
2025-01-28 23:13:14,112 - INFO - Этап 4/10: Линейная диаграмма по категориям
2025-01-28 23:13:14,114 - INFO - Начало построения линейной диаграммы по категориям
2025-01-28 23:13:14,282 - INFO - Линейная диаграмма сохранена в output_line_chart.png
2025-01-28 23:13:14,282 - INFO - Этап 5/10: Круговая диаграмма по категориям
2025-01-28 23:13:14,283 - INFO - Начало построения круговой диаграммы по категориям
2025-01-28 23:13:14,313 - INFO - Круговая диаграмма сохранена в output_pie_chart.png
2025-01-28 23:13:14,313 - INFO - Этап 6/10: Маркетинговая воронка
2025-01-28 23:13:14,313 - INFO - Начало построения маркетинговой воронки
2025-01-28 23:13:14,378 - INFO - Попытка сохранить воронку в файл output_funnel_chart.png
2025-01-28 23:14:38,307 - INFO - === НАЧАЛО РАБОТЫ СКРИПТА ===
2025-01-28 23:14:38,307 - INFO - Начало загрузки данных: df_sales.xlsx, df_funnel.xlsx
2025-01-28 23:14:38,438 - INFO - Успешно загружено 500 строк продаж и 6 строк воронки
2025-01-28 23:14:38,438 - INFO - Этап 1/10: Гистограмма продаж по дням
2025-01-28 23:14:38,439 - INFO - Начало построения гистограммы продаж по дням
2025-01-28 23:14:38,497 - INFO - Гистограмма сохранена в output_histogram.png
2025-01-28 23:14:38,497 - INFO - Этап 2/10: Boxplot по категориям
2025-01-28 23:14:38,498 - INFO - Начало построения boxplot по категориям
2025-01-28 23:14:38,560 - INFO - Boxplot сохранен в output_boxplot.png
2025-01-28 23:14:38,560 - INFO - Этап 3/10: Столбчатая диаграмма по подкатегориям
2025-01-28 23:14:38,561 - INFO - Начало построения столбчатой диаграммы по подкатегориям
2025-01-28 23:14:38,616 - INFO - Столбчатая диаграмма сохранена в output_bar_chart.png
2025-01-28 23:14:38,617 - INFO - Этап 4/10: Линейная диаграмма по категориям
2025-01-28 23:14:38,618 - INFO - Начало построения линейной диаграммы по категориям
2025-01-28 23:14:38,786 - INFO - Линейная диаграмма сохранена в output_line_chart.png
2025-01-28 23:14:38,786 - INFO - Этап 5/10: Круговая диаграмма по категориям
2025-01-28 23:14:38,786 - INFO - Начало построения круговой диаграммы по категориям
2025-01-28 23:14:38,816 - INFO - Круговая диаграмма сохранена в output_pie_chart.png
2025-01-28 23:14:38,816 - INFO - Этап 6/10: Маркетинговая воронка
2025-01-28 23:14:38,816 - INFO - Начало построения маркетинговой воронки
2025-01-28 23:14:38,880 - INFO - Попытка сохранить воронку в файл output_funnel_chart.png
2025-01-28 23:15:40,744 - INFO - === НАЧАЛО РАБОТЫ СКРИПТА ===
2025-01-28 23:15:40,744 - INFO - Начало загрузки данных: df_sales.xlsx, df_funnel.xlsx
2025-01-28 23:15:40,878 - INFO - Успешно загружено 500 строк продаж и 6 строк воронки
2025-01-28 23:15:40,878 - INFO - Этап 1/10: Гистограмма продаж по дням
2025-01-28 23:15:40,879 - INFO - Начало построения гистограммы продаж по дням
2025-01-28 23:15:40,942 - INFO - Гистограмма сохранена в output_histogram.png
2025-01-28 23:15:40,942 - INFO - Этап 2/10: Boxplot по категориям
2025-01-28 23:15:40,943 - INFO - Начало построения boxplot по категориям
2025-01-28 23:15:41,008 - INFO - Boxplot сохранен в output_boxplot.png
2025-01-28 23:15:41,008 - INFO - Этап 3/10: Столбчатая диаграмма по подкатегориям
2025-01-28 23:15:41,009 - INFO - Начало построения столбчатой диаграммы по подкатегориям
2025-01-28 23:15:41,062 - INFO - Столбчатая диаграмма сохранена в output_bar_chart.png
2025-01-28 23:15:41,062 - INFO - Этап 4/10: Линейная диаграмма по категориям
2025-01-28 23:15:41,064 - INFO - Начало построения линейной диаграммы по категориям
2025-01-28 23:15:41,231 - INFO - Линейная диаграмма сохранена в output_line_chart.png
2025-01-28 23:15:41,231 - INFO - Этап 5/10: Круговая диаграмма по категориям
2025-01-28 23:15:41,231 - INFO - Начало построения круговой диаграммы по категориям
2025-01-28 23:15:41,261 - INFO - Круговая диаграмма сохранена в output_pie_chart.png
2025-01-28 23:15:41,261 - INFO - Этап 6/10: Маркетинговая воронка
2025-01-28 23:15:41,262 - INFO - Перед вызовом plot_funnel_chart
2025-01-28 23:15:41,262 - INFO - Начало построения маркетинговой воронки
2025-01-28 23:15:41,327 - INFO - Попытка сохранить воронку в файл output_funnel_chart.png
2025-01-28 23:17:12,809 - INFO - === НАЧАЛО РАБОТЫ СКРИПТА ===
2025-01-28 23:17:12,810 - INFO - Начало загрузки данных: df_sales.xlsx, df_funnel.xlsx
2025-01-28 23:17:12,844 - INFO - === НАЧАЛО РАБОТЫ СКРИПТА ===
2025-01-28 23:17:12,844 - INFO - Начало загрузки данных: df_sales.xlsx, df_funnel.xlsx
2025-01-28 23:17:12,947 - INFO - Успешно загружено 500 строк продаж и 6 строк воронки
2025-01-28 23:17:12,947 - INFO - Этап 1/10: Гистограмма продаж по дням
2025-01-28 23:17:12,948 - INFO - Начало построения гистограммы продаж по дням
2025-01-28 23:17:12,979 - INFO - Успешно загружено 500 строк продаж и 6 строк воронки
2025-01-28 23:17:12,979 - INFO - Этап 1/10: Гистограмма продаж по дням
2025-01-28 23:17:12,980 - INFO - Начало построения гистограммы продаж по дням
2025-01-28 23:17:13,015 - INFO - Гистограмма сохранена в output_histogram.png
2025-01-28 23:17:13,015 - INFO - Этап 2/10: Boxplot по категориям
2025-01-28 23:17:13,017 - INFO - Начало построения boxplot по категориям
2025-01-28 23:17:13,046 - INFO - Гистограмма сохранена в output_histogram.png
2025-01-28 23:17:13,046 - INFO - Этап 2/10: Boxplot по категориям
2025-01-28 23:17:13,047 - INFO - Начало построения boxplot по категориям
2025-01-28 23:17:13,090 - INFO - Boxplot сохранен в output_boxplot.png
2025-01-28 23:17:13,090 - INFO - Этап 3/10: Столбчатая диаграмма по подкатегориям
2025-01-28 23:17:13,091 - INFO - Начало построения столбчатой диаграммы по подкатегориям
2025-01-28 23:17:13,113 - INFO - Boxplot сохранен в output_boxplot.png
2025-01-28 23:17:13,114 - INFO - Этап 3/10: Столбчатая диаграмма по подкатегориям
2025-01-28 23:17:13,115 - INFO - Начало построения столбчатой диаграммы по подкатегориям
2025-01-28 23:17:13,146 - INFO - Столбчатая диаграмма сохранена в output_bar_chart.png
2025-01-28 23:17:13,146 - INFO - Этап 4/10: Линейная диаграмма по категориям
2025-01-28 23:17:13,147 - INFO - Начало построения линейной диаграммы по категориям
2025-01-28 23:17:13,170 - INFO - Столбчатая диаграмма сохранена в output_bar_chart.png
2025-01-28 23:17:13,170 - INFO - Этап 4/10: Линейная диаграмма по категориям
2025-01-28 23:17:13,171 - INFO - Начало построения линейной диаграммы по категориям
2025-01-28 23:17:13,324 - INFO - Линейная диаграмма сохранена в output_line_chart.png
2025-01-28 23:17:13,324 - INFO - Этап 5/10: Круговая диаграмма по категориям
2025-01-28 23:17:13,325 - INFO - Начало построения круговой диаграммы по категориям
2025-01-28 23:17:13,353 - INFO - Линейная диаграмма сохранена в output_line_chart.png
2025-01-28 23:17:13,353 - INFO - Этап 5/10: Круговая диаграмма по категориям
2025-01-28 23:17:13,354 - INFO - Начало построения круговой диаграммы по категориям
2025-01-28 23:17:13,354 - INFO - Круговая диаграмма сохранена в output_pie_chart.png
2025-01-28 23:17:13,354 - INFO - Этап 6/10: Маркетинговая воронка
2025-01-28 23:17:13,354 - INFO - Перед вызовом plot_funnel_chart
2025-01-28 23:17:13,354 - INFO - Начало построения маркетинговой воронки
2025-01-28 23:17:13,383 - INFO - Круговая диаграмма сохранена в output_pie_chart.png
2025-01-28 23:17:13,383 - INFO - Этап 6/10: Маркетинговая воронка
2025-01-28 23:17:13,383 - INFO - Перед вызовом plot_funnel_chart
2025-01-28 23:17:13,383 - INFO - Начало построения маркетинговой воронки
2025-01-28 23:17:13,425 - INFO - Попытка сохранить воронку в файл output_funnel_chart.png
2025-01-28 23:17:13,459 - INFO - Попытка сохранить воронку в файл output_funnel_chart.png
2025-01-28 23:22:03,346 - INFO - === НАЧАЛО РАБОТЫ СКРИПТА ===
2025-01-28 23:22:03,346 - INFO - Начало загрузки данных: df_sales.xlsx, df_funnel.xlsx
2025-01-28 23:22:03,479 - INFO - Успешно загружено 500 строк продаж и 6 строк воронки
2025-01-28 23:22:03,479 - INFO - Этап 1/10: Гистограмма продаж по дням
2025-01-28 23:22:03,480 - INFO - Начало построения гистограммы продаж по дням
2025-01-28 23:22:03,540 - INFO - Гистограмма сохранена в output_histogram.png
2025-01-28 23:22:03,540 - INFO - Этап 2/10: Boxplot по категориям
2025-01-28 23:22:03,541 - INFO - Начало построения boxplot по категориям
2025-01-28 23:22:03,605 - INFO - Boxplot сохранен в output_boxplot.png
2025-01-28 23:22:03,605 - INFO - Этап 3/10: Столбчатая диаграмма по подкатегориям
2025-01-28 23:22:03,606 - INFO - Начало построения столбчатой диаграммы по подкатегориям
2025-01-28 23:22:03,659 - INFO - Столбчатая диаграмма сохранена в output_bar_chart.png
2025-01-28 23:22:03,659 - INFO - Этап 4/10: Линейная диаграмма по категориям
2025-01-28 23:22:03,661 - INFO - Начало построения линейной диаграммы по категориям
2025-01-28 23:22:03,829 - INFO - Линейная диаграмма сохранена в output_line_chart.png
2025-01-28 23:22:03,829 - INFO - Этап 5/10: Круговая диаграмма по категориям
2025-01-28 23:22:03,830 - INFO - Начало построения круговой диаграммы по категориям
2025-01-28 23:22:03,859 - INFO - Круговая диаграмма сохранена в output_pie_chart.png
2025-01-28 23:22:03,860 - INFO - Этап 6/10: Маркетинговая воронка
2025-01-28 23:22:03,860 - INFO - Перед вызовом plot_funnel_chart
2025-01-28 23:22:03,860 - INFO - Начало построения маркетинговой воронки
2025-01-28 23:22:03,927 - INFO - Попытка сохранить воронку в файл output_funnel_chart.png
2025-01-28 23:23:42,896 - INFO - === НАЧАЛО РАБОТЫ СКРИПТА ===
2025-01-28 23:23:42,896 - INFO - Начало загрузки данных: df_sales.xlsx, df_funnel.xlsx
2025-01-28 23:23:43,026 - INFO - Успешно загружено 500 строк продаж и 6 строк воронки
2025-01-28 23:23:43,026 - INFO - Этап 1/10: Гистограмма продаж по дням
2025-01-28 23:23:43,027 - INFO - Начало построения гистограммы продаж по дням
2025-01-28 23:23:43,088 - INFO - Гистограмма сохранена в output_histogram.png
2025-01-28 23:23:43,088 - INFO - Этап 2/10: Boxplot по категориям
2025-01-28 23:23:43,090 - INFO - Начало построения boxplot по категориям
2025-01-28 23:23:43,153 - INFO - Boxplot сохранен в output_boxplot.png
2025-01-28 23:23:43,153 - INFO - Этап 3/10: Столбчатая диаграмма по подкатегориям
2025-01-28 23:23:43,154 - INFO - Начало построения столбчатой диаграммы по подкатегориям
2025-01-28 23:23:43,208 - INFO - Столбчатая диаграмма сохранена в output_bar_chart.png
2025-01-28 23:23:43,208 - INFO - Этап 4/10: Линейная диаграмма по категориям
2025-01-28 23:23:43,209 - INFO - Начало построения линейной диаграммы по категориям
2025-01-28 23:23:43,378 - INFO - Линейная диаграмма сохранена в output_line_chart.png
2025-01-28 23:23:43,379 - INFO - Этап 5/10: Круговая диаграмма по категориям
2025-01-28 23:23:43,379 - INFO - Начало построения круговой диаграммы по категориям
2025-01-28 23:23:43,411 - INFO - Круговая диаграмма сохранена в output_pie_chart.png
2025-01-28 23:23:43,411 - INFO - Этап 6/10: Маркетинговая воронка
2025-01-28 23:23:43,411 - INFO - Перед вызовом plot_funnel_chart
2025-01-28 23:23:43,411 - INFO - Начало построения маркетинговой воронки
2025-01-28 23:23:43,477 - INFO - Попытка сохранить воронку в файл output_funnel_chart.png
2025-01-28 23:23:43,477 - INFO - Воронка успешно сохранена в output_funnel_chart.png
2025-01-28 23:23:43,477 - INFO - После вызова plot_funnel_chart
2025-01-28 23:23:43,477 - INFO - Этап 7/10: Анализ цен
2025-01-28 23:23:43,477 - INFO - Начало построения распределения цен
2025-01-28 23:23:43,528 - INFO - Гистограмма цен сохранена в output_price_distribution.png
2025-01-28 23:23:43,528 - INFO - Этап 8/10: Анализ времени доставки
2025-01-28 23:23:43,528 - INFO - Начало анализа времени доставки
2025-01-28 23:23:43,593 - INFO - График времени доставки сохранен в output_delivery_time_trend.png
2025-01-28 23:23:43,593 - INFO - Этап 9/10: Анализ рейтинга товаров
2025-01-28 23:23:43,593 - INFO - Начало анализа рейтинга товаров
2025-01-28 23:23:43,659 - INFO - График рейтинга сохранен в output_rating_boxplot.png
2025-01-28 23:23:43,659 - INFO - Этап 10/10: Анализ способов оплаты
2025-01-28 23:23:43,659 - INFO - Начало анализа способов оплаты
2025-01-28 23:23:43,690 - INFO - Диаграмма оплат сохранена в output_payment_method_pie_chart.png
2025-01-28 23:23:43,690 - INFO - === АНАЛИЗ УСПЕШНО ЗАВЕРШЕН ===
2025-01-28 23:25:41,440 - INFO - === НАЧАЛО РАБОТЫ СКРИПТА ===
2025-01-28 23:25:41,440 - INFO - Начало загрузки данных: df_sales.xlsx, df_funnel.xlsx
2025-01-28 23:25:41,570 - INFO - Успешно загружено 500 строк продаж и 6 строк воронки
2025-01-28 23:25:41,570 - INFO - Этап 1/10: Гистограмма продаж по дням
2025-01-28 23:25:41,571 - INFO - Начало построения гистограммы продаж по дням
2025-01-28 23:25:41,630 - INFO - Гистограмма сохранена в output_histogram.png
2025-01-28 23:25:41,630 - INFO - Этап 2/10: Boxplot по категориям
2025-01-28 23:25:41,631 - INFO - Начало построения boxplot по категориям
2025-01-28 23:25:41,693 - INFO - Boxplot сохранен в output_boxplot.png
2025-01-28 23:25:41,693 - INFO - Этап 3/10: Столбчатая диаграмма по подкатегориям
2025-01-28 23:25:41,694 - INFO - Начало построения столбчатой диаграммы по подкатегориям
2025-01-28 23:25:41,746 - INFO - Столбчатая диаграмма сохранена в output_bar_chart.png
2025-01-28 23:25:41,747 - INFO - Этап 4/10: Линейная диаграмма по категориям
2025-01-28 23:25:41,748 - INFO - Начало построения линейной диаграммы по категориям
2025-01-28 23:25:41,919 - INFO - Линейная диаграмма сохранена в output_line_chart.png
2025-01-28 23:25:41,919 - INFO - Этап 5/10: Круговая диаграмма по категориям
2025-01-28 23:25:41,919 - INFO - Начало построения круговой диаграммы по категориям
2025-01-28 23:25:41,949 - INFO - Круговая диаграмма сохранена в output_pie_chart.png
2025-01-28 23:25:41,949 - INFO - Этап 6/10: Маркетинговая воронка
2025-01-28 23:25:41,949 - INFO - Перед вызовом plot_funnel_chart
2025-01-28 23:25:41,949 - INFO - Начало построения маркетинговой воронки
2025-01-28 23:25:42,013 - INFO - Попытка сохранить воронку в файл output_funnel_chart.html
2025-01-28 23:25:42,014 - ERROR - Ошибка при сохранении воронки: Invalid format 'html'.
    Supported formats: ['png', 'jpg', 'jpeg', 'webp', 'svg', 'pdf', 'eps', 'json']
Traceback (most recent call last):
  File "C:\Users\reage\PycharmProjects\visualization_date\main.py", line 171, in plot_funnel_chart
    fig.write_image(filename, engine="kaleido")
  File "C:\Users\reage\PycharmProjects\visualization_date\.venv\lib\site-packages\plotly\basedatatypes.py", line 3827, in write_image
    return pio.write_image(self, *args, **kwargs)
  File "C:\Users\reage\PycharmProjects\visualization_date\.venv\lib\site-packages\plotly\io\_kaleido.py", line 266, in write_image
    img_data = to_image(
  File "C:\Users\reage\PycharmProjects\visualization_date\.venv\lib\site-packages\plotly\io\_kaleido.py", line 143, in to_image
    img_bytes = scope.transform(
  File "C:\Users\reage\PycharmProjects\visualization_date\.venv\lib\site-packages\kaleido\scopes\plotly.py", line 142, in transform
    raise ValueError(
ValueError: Invalid format 'html'.
    Supported formats: ['png', 'jpg', 'jpeg', 'webp', 'svg', 'pdf', 'eps', 'json']
2025-01-28 23:25:42,164 - INFO - Воронка отображена интерактивно из-за ошибки.
2025-01-28 23:25:42,164 - INFO - После вызова plot_funnel_chart
2025-01-28 23:25:42,165 - INFO - Этап 7/10: Анализ цен
2025-01-28 23:25:42,165 - INFO - Начало построения распределения цен
2025-01-28 23:25:42,231 - INFO - Гистограмма цен сохранена в output_price_distribution.png
2025-01-28 23:25:42,232 - INFO - Этап 8/10: Анализ времени доставки
2025-01-28 23:25:42,232 - INFO - Начало анализа времени доставки
2025-01-28 23:25:42,305 - INFO - График времени доставки сохранен в output_delivery_time_trend.png
2025-01-28 23:25:42,305 - INFO - Этап 9/10: Анализ рейтинга товаров
2025-01-28 23:25:42,305 - INFO - Начало анализа рейтинга товаров
2025-01-28 23:25:42,370 - INFO - График рейтинга сохранен в output_rating_boxplot.png
2025-01-28 23:25:42,370 - INFO - Этап 10/10: Анализ способов оплаты
2025-01-28 23:25:42,370 - INFO - Начало анализа способов оплаты
2025-01-28 23:25:42,402 - INFO - Диаграмма оплат сохранена в output_payment_method_pie_chart.png
2025-01-28 23:25:42,402 - INFO - === АНАЛИЗ УСПЕШНО ЗАВЕРШЕН ===
2025-01-28 23:26:36,300 - INFO - === НАЧАЛО РАБОТЫ СКРИПТА ===
2025-01-28 23:26:36,300 - INFO - Начало загрузки данных: df_sales.xlsx, df_funnel.xlsx
2025-01-28 23:26:36,430 - INFO - Успешно загружено 500 строк продаж и 6 строк воронки
2025-01-28 23:26:36,430 - INFO - Этап 1/10: Гистограмма продаж по дням
2025-01-28 23:26:36,431 - INFO - Начало построения гистограммы продаж по дням
2025-01-28 23:26:36,491 - INFO - Гистограмма сохранена в output_histogram.png
2025-01-28 23:26:36,491 - INFO - Этап 2/10: Boxplot по категориям
2025-01-28 23:26:36,492 - INFO - Начало построения boxplot по категориям
2025-01-28 23:26:36,555 - INFO - Boxplot сохранен в output_boxplot.png
2025-01-28 23:26:36,555 - INFO - Этап 3/10: Столбчатая диаграмма по подкатегориям
2025-01-28 23:26:36,556 - INFO - Начало построения столбчатой диаграммы по подкатегориям
2025-01-28 23:26:36,608 - INFO - Столбчатая диаграмма сохранена в output_bar_chart.png
2025-01-28 23:26:36,608 - INFO - Этап 4/10: Линейная диаграмма по категориям
2025-01-28 23:26:36,610 - INFO - Начало построения линейной диаграммы по категориям
2025-01-28 23:26:36,780 - INFO - Линейная диаграмма сохранена в output_line_chart.png
2025-01-28 23:26:36,780 - INFO - Этап 5/10: Круговая диаграмма по категориям
2025-01-28 23:26:36,780 - INFO - Начало построения круговой диаграммы по категориям
2025-01-28 23:26:36,809 - INFO - Круговая диаграмма сохранена в output_pie_chart.png
2025-01-28 23:26:36,809 - INFO - Этап 6/10: Маркетинговая воронка
2025-01-28 23:26:36,809 - INFO - Перед вызовом plot_funnel_chart
2025-01-28 23:26:36,809 - INFO - Начало построения маркетинговой воронки
2025-01-28 23:26:36,876 - INFO - Попытка сохранить воронку в файл output_funnel_chart.html
2025-01-28 23:26:36,877 - ERROR - Ошибка при сохранении воронки: write_html() got an unexpected keyword argument 'engine'
Traceback (most recent call last):
  File "C:\Users\reage\PycharmProjects\visualization_date\main.py", line 171, in plot_funnel_chart
    fig.write_html(filename, engine="kaleido")
  File "C:\Users\reage\PycharmProjects\visualization_date\.venv\lib\site-packages\plotly\basedatatypes.py", line 3706, in write_html
    return pio.write_html(self, *args, **kwargs)
TypeError: write_html() got an unexpected keyword argument 'engine'
2025-01-28 23:26:37,016 - INFO - Воронка отображена интерактивно из-за ошибки.
2025-01-28 23:26:37,017 - INFO - После вызова plot_funnel_chart
2025-01-28 23:26:37,017 - INFO - Этап 7/10: Анализ цен
2025-01-28 23:26:37,017 - INFO - Начало построения распределения цен
2025-01-28 23:26:37,075 - INFO - Гистограмма цен сохранена в output_price_distribution.png
2025-01-28 23:26:37,075 - INFO - Этап 8/10: Анализ времени доставки
2025-01-28 23:26:37,075 - INFO - Начало анализа времени доставки
2025-01-28 23:26:37,145 - INFO - График времени доставки сохранен в output_delivery_time_trend.png
2025-01-28 23:26:37,145 - INFO - Этап 9/10: Анализ рейтинга товаров
2025-01-28 23:26:37,145 - INFO - Начало анализа рейтинга товаров
2025-01-28 23:26:37,208 - INFO - График рейтинга сохранен в output_rating_boxplot.png
2025-01-28 23:26:37,208 - INFO - Этап 10/10: Анализ способов оплаты
2025-01-28 23:26:37,208 - INFO - Начало анализа способов оплаты
2025-01-28 23:26:37,239 - INFO - Диаграмма оплат сохранена в output_payment_method_pie_chart.png
2025-01-28 23:26:37,239 - INFO - === АНАЛИЗ УСПЕШНО ЗАВЕРШЕН ===
2025-01-28 23:30:01,686 - INFO - === НАЧАЛО РАБОТЫ СКРИПТА ===
2025-01-28 23:30:01,687 - INFO - Начало загрузки данных: df_sales.xlsx, df_funnel.xlsx
2025-01-28 23:30:01,817 - INFO - Успешно загружено 500 строк продаж и 6 строк воронки
2025-01-28 23:30:01,817 - INFO - Этап 1/10: Гистограмма продаж по дням
2025-01-28 23:30:01,818 - INFO - Начало построения гистограммы продаж по дням
2025-01-28 23:30:01,877 - INFO - Гистограмма сохранена в output_histogram.png
2025-01-28 23:30:01,877 - INFO - Этап 2/10: Boxplot по категориям
2025-01-28 23:30:01,878 - INFO - Начало построения boxplot по категориям
2025-01-28 23:30:01,943 - INFO - Boxplot сохранен в output_boxplot.png
2025-01-28 23:30:01,943 - INFO - Этап 3/10: Столбчатая диаграмма по подкатегориям
2025-01-28 23:30:01,944 - INFO - Начало построения столбчатой диаграммы по подкатегориям
2025-01-28 23:30:01,997 - INFO - Столбчатая диаграмма сохранена в output_bar_chart.png
2025-01-28 23:30:01,997 - INFO - Этап 4/10: Линейная диаграмма по категориям
2025-01-28 23:30:01,999 - INFO - Начало построения линейной диаграммы по категориям
2025-01-28 23:30:02,170 - INFO - Линейная диаграмма сохранена в output_line_chart.png
2025-01-28 23:30:02,170 - INFO - Этап 5/10: Круговая диаграмма по категориям
2025-01-28 23:30:02,171 - INFO - Начало построения круговой диаграммы по категориям
2025-01-28 23:30:02,200 - INFO - Круговая диаграмма сохранена в output_pie_chart.png
2025-01-28 23:30:02,200 - INFO - Этап 6/10: Маркетинговая воронка
2025-01-28 23:30:02,200 - INFO - Перед вызовом plot_funnel_chart
2025-01-28 23:30:02,200 - CRITICAL - КРИТИЧЕСКАЯ ОШИБКА ВЫПОЛНЕНИЯ СКРИПА: name 'plot_funnel_chart' is not defined
Traceback (most recent call last):
  File "C:\Users\reage\PycharmProjects\visualization_date\main.py", line 289, in main
    plot_funnel_chart(funnel_data)
NameError: name 'plot_funnel_chart' is not defined
2025-01-28 23:30:54,492 - INFO - === НАЧАЛО РАБОТЫ СКРИПТА ===
2025-01-28 23:30:54,492 - INFO - Начало загрузки данных: df_sales.xlsx, df_funnel.xlsx
2025-01-28 23:30:54,619 - INFO - Успешно загружено 500 строк продаж и 6 строк воронки
2025-01-28 23:30:54,619 - INFO - Этап 1/10: Гистограмма продаж по дням
2025-01-28 23:30:54,620 - INFO - Начало построения гистограммы продаж по дням
2025-01-28 23:30:54,679 - INFO - Гистограмма сохранена в output_histogram.png
2025-01-28 23:30:54,679 - INFO - Этап 2/10: Boxplot по категориям
2025-01-28 23:30:54,680 - INFO - Начало построения boxplot по категориям
2025-01-28 23:30:54,745 - INFO - Boxplot сохранен в output_boxplot.png
2025-01-28 23:30:54,745 - INFO - Этап 3/10: Столбчатая диаграмма по подкатегориям
2025-01-28 23:30:54,746 - INFO - Начало построения столбчатой диаграммы по подкатегориям
2025-01-28 23:30:54,799 - INFO - Столбчатая диаграмма сохранена в output_bar_chart.png
2025-01-28 23:30:54,799 - INFO - Этап 4/10: Линейная диаграмма по категориям
2025-01-28 23:30:54,801 - INFO - Начало построения линейной диаграммы по категориям
2025-01-28 23:30:54,973 - INFO - Линейная диаграмма сохранена в output_line_chart.png
2025-01-28 23:30:54,973 - INFO - Этап 5/10: Круговая диаграмма по категориям
2025-01-28 23:30:54,974 - INFO - Начало построения круговой диаграммы по категориям
2025-01-28 23:30:55,004 - INFO - Круговая диаграмма сохранена в output_pie_chart.png
2025-01-28 23:30:55,004 - INFO - Этап 6/10: Маркетинговая воронка
2025-01-28 23:30:55,004 - INFO - Перед вызовом plot_funnel_chart
2025-01-28 23:30:55,004 - INFO - Начало построения маркетинговой воронки (HTML)
2025-01-28 23:30:55,078 - INFO - Попытка сохранить воронку в файл output_funnel_chart.html
2025-01-28 23:30:55,096 - INFO - Воронка успешно сохранена в output_funnel_chart.html
2025-01-28 23:30:55,096 - INFO - После вызова plot_funnel_chart
2025-01-28 23:30:55,096 - INFO - Этап 7/10: Анализ цен
2025-01-28 23:30:55,096 - INFO - Начало построения распределения цен
2025-01-28 23:30:55,150 - INFO - Гистограмма цен сохранена в output_price_distribution.png
2025-01-28 23:30:55,150 - INFO - Этап 8/10: Анализ времени доставки
2025-01-28 23:30:55,150 - INFO - Начало анализа времени доставки
2025-01-28 23:30:55,216 - INFO - График времени доставки сохранен в output_delivery_time_trend.png
2025-01-28 23:30:55,216 - INFO - Этап 9/10: Анализ рейтинга товаров
2025-01-28 23:30:55,216 - INFO - Начало анализа рейтинга товаров
2025-01-28 23:30:55,285 - INFO - График рейтинга сохранен в output_rating_boxplot.png
2025-01-28 23:30:55,285 - INFO - Этап 10/10: Анализ способов оплаты
2025-01-28 23:30:55,285 - INFO - Начало анализа способов оплаты
2025-01-28 23:30:55,314 - INFO - Диаграмма оплат сохранена в output_payment_method_pie_chart.png
2025-01-28 23:30:55,314 - INFO - === АНАЛИЗ УСПЕШНО ЗАВЕРШЕН ===
2025-01-28 23:33:23,970 - INFO - === НАЧАЛО РАБОТЫ СКРИПТА ===
2025-01-28 23:33:23,970 - INFO - Начало загрузки данных: df_sales.xlsx, df_funnel.xlsx
2025-01-28 23:33:24,099 - INFO - Успешно загружено 500 строк продаж и 6 строк воронки
2025-01-28 23:33:24,099 - INFO - Этап 1/10: Гистограмма продаж по дням
2025-01-28 23:33:24,100 - INFO - Начало построения гистограммы продаж по дням
2025-01-28 23:33:24,158 - INFO - Гистограмма сохранена в output_histogram.png
2025-01-28 23:33:24,158 - INFO - Этап 2/10: Boxplot по категориям
2025-01-28 23:33:24,159 - INFO - Начало построения boxplot по категориям
2025-01-28 23:33:24,223 - INFO - Boxplot сохранен в output_boxplot.png
2025-01-28 23:33:24,223 - INFO - Этап 3/10: Столбчатая диаграмма по подкатегориям
2025-01-28 23:33:24,224 - INFO - Начало построения столбчатой диаграммы по подкатегориям
2025-01-28 23:33:24,276 - INFO - Столбчатая диаграмма сохранена в output_bar_chart.png
2025-01-28 23:33:24,276 - INFO - Этап 4/10: Линейная диаграмма по категориям
2025-01-28 23:33:24,278 - INFO - Начало построения линейной диаграммы по категориям
2025-01-28 23:33:24,453 - INFO - Линейная диаграмма сохранена в output_line_chart.png
2025-01-28 23:33:24,453 - INFO - Этап 5/10: Круговая диаграмма по категориям
2025-01-28 23:33:24,454 - INFO - Начало построения круговой диаграммы по категориям
2025-01-28 23:33:24,483 - INFO - Круговая диаграмма сохранена в output_pie_chart.png
2025-01-28 23:33:24,483 - INFO - Этап 6/10: Маркетинговая воронка
2025-01-28 23:33:24,483 - INFO - Перед вызовом plot_funnel_chart
2025-01-28 23:33:24,483 - INFO - Начало построения маркетинговой воронки (HTML и PNG)
2025-01-28 23:33:24,547 - INFO - Сохранение в HTML: output_funnel_chart.html
2025-01-28 23:33:24,564 - INFO - HTML-файл создан: output_funnel_chart.html
2025-01-28 23:33:24,564 - INFO - Сохранение в PNG: output_funnel_chart.png
2025-01-28 23:35:47,636 - INFO - === НАЧАЛО РАБОТЫ СКРИПТА ===
2025-01-28 23:35:47,636 - INFO - Начало загрузки данных: df_sales.xlsx, df_funnel.xlsx
2025-01-28 23:35:47,760 - INFO - Успешно загружено 500 строк продаж и 6 строк воронки
2025-01-28 23:35:47,760 - INFO - Этап 1/10: Гистограмма продаж по дням
2025-01-28 23:35:47,761 - INFO - Начало построения гистограммы продаж по дням
2025-01-28 23:35:47,824 - INFO - Гистограмма сохранена в output_histogram.png
2025-01-28 23:35:47,824 - INFO - Этап 2/10: Boxplot по категориям
2025-01-28 23:35:47,825 - INFO - Начало построения boxplot по категориям
2025-01-28 23:35:47,890 - INFO - Boxplot сохранен в output_boxplot.png
2025-01-28 23:35:47,890 - INFO - Этап 3/10: Столбчатая диаграмма по подкатегориям
2025-01-28 23:35:47,891 - INFO - Начало построения столбчатой диаграммы по подкатегориям
2025-01-28 23:35:47,946 - INFO - Столбчатая диаграмма сохранена в output_bar_chart.png
2025-01-28 23:35:47,946 - INFO - Этап 4/10: Линейная диаграмма по категориям
2025-01-28 23:35:47,947 - INFO - Начало построения линейной диаграммы по категориям
2025-01-28 23:35:48,132 - INFO - Линейная диаграмма сохранена в output_line_chart.png
2025-01-28 23:35:48,132 - INFO - Этап 5/10: Круговая диаграмма по категориям
2025-01-28 23:35:48,132 - INFO - Начало построения круговой диаграммы по категориям
2025-01-28 23:35:48,160 - INFO - Круговая диаграмма сохранена в output_pie_chart.png
2025-01-28 23:35:48,160 - INFO - Этап 6/10: Маркетинговая воронка
2025-01-28 23:35:48,160 - INFO - Перед вызовом plot_funnel_chart
2025-01-28 23:35:48,160 - INFO - Начало построения маркетинговой воронки (HTML)
2025-01-28 23:35:48,201 - INFO - Попытка сохранить воронку в файл output_funnel_chart.html
2025-01-28 23:35:48,218 - INFO - Воронка успешно сохранена в output_funnel_chart.html
2025-01-28 23:35:48,218 - INFO - После вызова plot_funnel_chart
2025-01-28 23:35:48,218 - INFO - Этап 7/10: Анализ цен
2025-01-28 23:35:48,218 - INFO - Начало построения распределения цен
2025-01-28 23:35:48,270 - INFO - Гистограмма цен сохранена в output_price_distribution.png
2025-01-28 23:35:48,271 - INFO - Этап 8/10: Анализ времени доставки
2025-01-28 23:35:48,271 - INFO - Начало анализа времени доставки
2025-01-28 23:35:48,338 - INFO - График времени доставки сохранен в output_delivery_time_trend.png
2025-01-28 23:35:48,338 - INFO - Этап 9/10: Анализ рейтинга товаров
2025-01-28 23:35:48,338 - INFO - Начало анализа рейтинга товаров
2025-01-28 23:35:48,402 - INFO - График рейтинга сохранен в output_rating_boxplot.png
2025-01-28 23:35:48,402 - INFO - Этап 10/10: Анализ способов оплаты
2025-01-28 23:35:48,403 - INFO - Начало анализа способов оплаты
2025-01-28 23:35:48,434 - INFO - Диаграмма оплат сохранена в output_payment_method_pie_chart.png
2025-01-28 23:35:48,434 - INFO - === АНАЛИЗ УСПЕШНО ЗАВЕРШЕН ===
2025-01-28 23:36:21,036 - INFO - === НАЧАЛО РАБОТЫ СКРИПТА ===
2025-01-28 23:36:21,036 - INFO - Начало загрузки данных: df_sales.xlsx, df_funnel.xlsx
2025-01-28 23:36:21,146 - INFO - Успешно загружено 500 строк продаж и 6 строк воронки
2025-01-28 23:36:21,146 - INFO - Этап 1/10: Гистограмма продаж по дням
2025-01-28 23:36:21,147 - INFO - Начало построения гистограммы продаж по дням
2025-01-28 23:36:21,206 - INFO - Гистограмма сохранена в output_histogram.png
2025-01-28 23:36:21,206 - INFO - Этап 2/10: Boxplot по категориям
2025-01-28 23:36:21,207 - INFO - Начало построения boxplot по категориям
2025-01-28 23:36:21,270 - INFO - Boxplot сохранен в output_boxplot.png
2025-01-28 23:36:21,270 - INFO - Этап 3/10: Столбчатая диаграмма по подкатегориям
2025-01-28 23:36:21,271 - INFO - Начало построения столбчатой диаграммы по подкатегориям
2025-01-28 23:36:21,324 - INFO - Столбчатая диаграмма сохранена в output_bar_chart.png
2025-01-28 23:36:21,324 - INFO - Этап 4/10: Линейная диаграмма по категориям
2025-01-28 23:36:21,326 - INFO - Начало построения линейной диаграммы по категориям
2025-01-28 23:36:21,507 - INFO - Линейная диаграмма сохранена в output_line_chart.png
2025-01-28 23:36:21,507 - INFO - Этап 5/10: Круговая диаграмма по категориям
2025-01-28 23:36:21,507 - INFO - Начало построения круговой диаграммы по категориям
2025-01-28 23:36:21,536 - INFO - Круговая диаграмма сохранена в output_pie_chart.png
2025-01-28 23:36:21,536 - INFO - Этап 6/10: Маркетинговая воронка
2025-01-28 23:36:21,537 - INFO - Перед вызовом plot_funnel_chart
2025-01-28 23:36:21,537 - INFO - Начало построения маркетинговой воронки (HTML)
2025-01-28 23:36:21,579 - INFO - Попытка сохранить воронку в файл output_funnel_chart.html
2025-01-28 23:36:21,596 - INFO - Воронка успешно сохранена в output_funnel_chart.html
2025-01-28 23:36:21,596 - INFO - После вызова plot_funnel_chart
2025-01-28 23:36:21,596 - INFO - Этап 7/10: Анализ цен
2025-01-28 23:36:21,596 - INFO - Начало построения распределения цен
2025-01-28 23:36:21,647 - INFO - Гистограмма цен сохранена в output_price_distribution.png
2025-01-28 23:36:21,647 - INFO - Этап 8/10: Анализ времени доставки
2025-01-28 23:36:21,647 - INFO - Начало анализа времени доставки
2025-01-28 23:36:21,712 - INFO - График времени доставки сохранен в output_delivery_time_trend.png
2025-01-28 23:36:21,712 - INFO - Этап 9/10: Анализ рейтинга товаров
2025-01-28 23:36:21,712 - INFO - Начало анализа рейтинга товаров
2025-01-28 23:36:21,777 - INFO - График рейтинга сохранен в output_rating_boxplot.png
2025-01-28 23:36:21,777 - INFO - Этап 10/10: Анализ способов оплаты
2025-01-28 23:36:21,777 - INFO - Начало анализа способов оплаты
2025-01-28 23:36:21,809 - INFO - Диаграмма оплат сохранена в output_payment_method_pie_chart.png
2025-01-28 23:36:21,809 - INFO - === АНАЛИЗ УСПЕШНО ЗАВЕРШЕН ===
2025-01-28 23:51:17,018 - INFO - === НАЧАЛО РАБОТЫ СКРИПТА ===
2025-01-28 23:51:17,019 - INFO - Начало загрузки данных: df_sales.xlsx, df_funnel.xlsx
2025-01-28 23:51:17,133 - INFO - Успешно загружено 500 строк продаж и 6 строк воронки
2025-01-28 23:51:17,133 - INFO - Этап 1/10: Гистограмма продаж по дням
2025-01-28 23:51:17,134 - INFO - Начало построения гистограммы продаж по дням
2025-01-28 23:51:17,193 - INFO - Гистограмма сохранена в output_histogram.png
2025-01-28 23:51:17,193 - INFO - Этап 2/10: Boxplot по категориям
2025-01-28 23:51:17,195 - INFO - Начало построения boxplot по категориям
2025-01-28 23:51:17,257 - INFO - Boxplot сохранен в output_boxplot.png
2025-01-28 23:51:17,257 - INFO - Этап 3/10: Столбчатая диаграмма по подкатегориям
2025-01-28 23:51:17,258 - INFO - Начало построения столбчатой диаграммы по подкатегориям
2025-01-28 23:51:17,311 - INFO - Столбчатая диаграмма сохранена в output_bar_chart.png
2025-01-28 23:51:17,311 - INFO - Этап 4/10: Линейная диаграмма по категориям
2025-01-28 23:51:17,312 - INFO - Начало построения линейной диаграммы по категориям
2025-01-28 23:51:17,492 - INFO - Линейная диаграмма сохранена в output_line_chart.png
2025-01-28 23:51:17,492 - INFO - Этап 5/10: Круговая диаграмма по категориям
2025-01-28 23:51:17,493 - INFO - Начало построения круговой диаграммы по категориям
2025-01-28 23:51:17,521 - INFO - Круговая диаграмма сохранена в output_pie_chart.png
2025-01-28 23:51:17,521 - INFO - Этап 6/10: Маркетинговая воронка
2025-01-28 23:51:17,521 - INFO - Перед вызовом plot_funnel_chart
2025-01-28 23:51:17,521 - INFO - Начало построения маркетинговой воронки (HTML)
2025-01-28 23:51:17,564 - INFO - Попытка сохранить воронку в файл output_funnel_chart.html
2025-01-28 23:51:17,581 - INFO - Воронка успешно сохранена в output_funnel_chart.html
2025-01-28 23:51:17,581 - INFO - После вызова plot_funnel_chart
2025-01-28 23:51:17,581 - INFO - Этап 7/10: Анализ цен
2025-01-28 23:51:17,581 - INFO - Начало построения распределения цен
2025-01-28 23:51:17,632 - INFO - Гистограмма цен сохранена в output_price_distribution.png
2025-01-28 23:51:17,632 - INFO - Этап 8/10: Анализ времени доставки
2025-01-28 23:51:17,632 - INFO - Начало анализа времени доставки
2025-01-28 23:51:17,697 - INFO - График времени доставки сохранен в output_delivery_time_trend.png
2025-01-28 23:51:17,698 - INFO - Этап 9/10: Анализ рейтинга товаров
2025-01-28 23:51:17,698 - INFO - Начало анализа рейтинга товаров
2025-01-28 23:51:17,762 - INFO - График рейтинга сохранен в output_rating_boxplot.png
2025-01-28 23:51:17,762 - INFO - Этап 10/10: Анализ способов оплаты
2025-01-28 23:51:17,762 - INFO - Начало анализа способов оплаты
2025-01-28 23:51:17,792 - INFO - Диаграмма оплат сохранена в output_payment_method_pie_chart.png
2025-01-28 23:51:17,792 - INFO - === АНАЛИЗ УСПЕШНО ЗАВЕРШЕН ===
2025-01-28 23:53:53,211 - INFO - === НАЧАЛО РАБОТЫ СКРИПТА ===
2025-01-28 23:53:53,211 - INFO - Начало загрузки данных: df_sales.xlsx, df_funnel.xlsx
2025-01-28 23:53:53,330 - INFO - Успешно загружено 500 строк продаж и 6 строк воронки
2025-01-28 23:53:53,330 - INFO - Этап 1/10: Гистограмма продаж по дням
2025-01-28 23:53:53,331 - INFO - Начало построения гистограммы продаж по дням
2025-01-28 23:53:53,391 - INFO - Гистограмма сохранена в output_histogram.png
2025-01-28 23:53:53,391 - INFO - Этап 2/10: Boxplot по категориям
2025-01-28 23:53:53,392 - INFO - Начало построения boxplot по категориям
2025-01-28 23:53:53,456 - INFO - Boxplot сохранен в output_boxplot.png
2025-01-28 23:53:53,456 - INFO - Этап 3/10: Столбчатая диаграмма по подкатегориям
2025-01-28 23:53:53,457 - INFO - Начало построения столбчатой диаграммы по подкатегориям
2025-01-28 23:53:53,510 - INFO - Столбчатая диаграмма сохранена в output_bar_chart.png
2025-01-28 23:53:53,510 - INFO - Этап 4/10: Линейная диаграмма по категориям
2025-01-28 23:53:53,511 - INFO - Начало построения линейной диаграммы по категориям
2025-01-28 23:53:53,697 - INFO - Линейная диаграмма сохранена в output_line_chart.png
2025-01-28 23:53:53,697 - INFO - Этап 5/10: Круговая диаграмма по категориям
2025-01-28 23:53:53,698 - INFO - Начало построения круговой диаграммы по категориям
2025-01-28 23:53:53,726 - INFO - Круговая диаграмма сохранена в output_pie_chart.png
2025-01-28 23:53:53,726 - INFO - Этап 6/10: Маркетинговая воронка
2025-01-28 23:53:53,727 - INFO - Перед вызовом plot_funnel_chart
2025-01-28 23:53:53,727 - INFO - Начало построения маркетинговой воронки (HTML)
2025-01-28 23:53:53,772 - INFO - Попытка сохранить воронку в файл output_funnel_chart.html
2025-01-28 23:53:53,791 - INFO - Воронка успешно сохранена в output_funnel_chart.html
2025-01-28 23:53:53,791 - INFO - После вызова plot_funnel_chart
2025-01-28 23:53:53,791 - INFO - Этап 7/10: Анализ цен
2025-01-28 23:53:53,791 - INFO - Начало построения распределения цен
2025-01-28 23:53:53,843 - INFO - Гистограмма цен сохранена в output_price_distribution.png
2025-01-28 23:53:53,843 - INFO - Этап 8/10: Анализ времени доставки
2025-01-28 23:53:53,843 - INFO - Начало анализа времени доставки
2025-01-28 23:53:53,909 - INFO - График времени доставки сохранен в output_delivery_time_trend.png
2025-01-28 23:53:53,909 - INFO - Этап 9/10: Анализ рейтинга товаров
2025-01-28 23:53:53,909 - INFO - Начало анализа рейтинга товаров
2025-01-28 23:53:53,974 - INFO - График рейтинга сохранен в output_rating_boxplot.png
2025-01-28 23:53:53,974 - INFO - Этап 10/10: Анализ способов оплаты
2025-01-28 23:53:53,974 - INFO - Начало анализа способов оплаты
2025-01-28 23:53:54,006 - INFO - Диаграмма оплат сохранена в output_payment_method_pie_chart.png
2025-01-28 23:53:54,006 - INFO - === АНАЛИЗ УСПЕШНО ЗАВЕРШЕН ===
2025-01-28 23:55:16,087 - INFO - === НАЧАЛО РАБОТЫ СКРИПТА ===
2025-01-28 23:55:16,087 - INFO - Начало загрузки данных: df_sales.xlsx, df_funnel.xlsx
2025-01-28 23:55:16,203 - INFO - Успешно загружено 500 строк продаж и 6 строк воронки
2025-01-28 23:55:16,203 - INFO - Этап 1/10: Гистограмма продаж по дням
2025-01-28 23:55:16,204 - INFO - Начало построения гистограммы продаж по дням
2025-01-28 23:55:16,267 - INFO - Гистограмма сохранена в output_histogram.png
2025-01-28 23:55:16,267 - INFO - Этап 2/10: Boxplot по категориям
2025-01-28 23:55:16,268 - INFO - Начало построения boxplot по категориям
2025-01-28 23:55:16,332 - INFO - Boxplot сохранен в output_boxplot.png
2025-01-28 23:55:16,332 - INFO - Этап 3/10: Столбчатая диаграмма по подкатегориям
2025-01-28 23:55:16,333 - INFO - Начало построения столбчатой диаграммы по подкатегориям
2025-01-28 23:55:16,386 - INFO - Столбчатая диаграмма сохранена в output_bar_chart.png
2025-01-28 23:55:16,386 - INFO - Этап 4/10: Линейная диаграмма по категориям
2025-01-28 23:55:16,388 - INFO - Начало построения линейной диаграммы по категориям
2025-01-28 23:55:16,577 - INFO - Линейная диаграмма сохранена в output_line_chart.png
2025-01-28 23:55:16,577 - INFO - Этап 5/10: Круговая диаграмма по категориям
2025-01-28 23:55:16,577 - INFO - Начало построения круговой диаграммы по категориям
2025-01-28 23:55:16,606 - INFO - Круговая диаграмма сохранена в output_pie_chart.png
2025-01-28 23:55:16,607 - INFO - Этап 6/10: Маркетинговая воронка
2025-01-28 23:55:16,607 - INFO - Перед вызовом plot_funnel_chart
2025-01-28 23:55:16,607 - INFO - Начало построения маркетинговой воронки (HTML)
2025-01-28 23:55:16,654 - INFO - Попытка сохранить воронку в файл output_funnel_chart.html
2025-01-28 23:55:16,673 - INFO - Воронка успешно сохранена в output_funnel_chart.html
2025-01-28 23:55:16,673 - INFO - После вызова plot_funnel_chart
2025-01-28 23:55:16,673 - INFO - Этап 7/10: Анализ цен
2025-01-28 23:55:16,673 - INFO - Начало построения распределения цен
2025-01-28 23:55:16,733 - INFO - Гистограмма цен сохранена в output_price_distribution.png
2025-01-28 23:55:16,733 - INFO - Этап 8/10: Анализ времени доставки
2025-01-28 23:55:16,733 - INFO - Начало анализа времени доставки
2025-01-28 23:55:16,803 - INFO - График времени доставки сохранен в output_delivery_time_trend.png
2025-01-28 23:55:16,803 - INFO - Этап 9/10: Анализ рейтинга товаров
2025-01-28 23:55:16,803 - INFO - Начало анализа рейтинга товаров
2025-01-28 23:55:16,869 - INFO - График рейтинга сохранен в output_rating_boxplot.png
2025-01-28 23:55:16,869 - INFO - Этап 10/10: Анализ способов оплаты
2025-01-28 23:55:16,869 - INFO - Начало анализа способов оплаты
2025-01-28 23:55:16,899 - INFO - Диаграмма оплат сохранена в output_payment_method_pie_chart.png
2025-01-28 23:55:16,899 - INFO - === АНАЛИЗ УСПЕШНО ЗАВЕРШЕН ===
2025-01-28 23:55:38,906 - INFO - === НАЧАЛО РАБОТЫ СКРИПТА ===
2025-01-28 23:55:38,907 - INFO - Начало загрузки данных: df_sales.xlsx, df_funnel.xlsx
2025-01-28 23:55:39,022 - INFO - Успешно загружено 500 строк продаж и 6 строк воронки
2025-01-28 23:55:39,022 - INFO - Этап 1/10: Гистограмма продаж по дням
2025-01-28 23:55:39,023 - INFO - Начало построения гистограммы продаж по дням
2025-01-28 23:55:39,086 - INFO - Гистограмма сохранена в output_histogram.png
2025-01-28 23:55:39,086 - INFO - Этап 2/10: Boxplot по категориям
2025-01-28 23:55:39,088 - INFO - Начало построения boxplot по категориям
2025-01-28 23:55:39,151 - INFO - Boxplot сохранен в output_boxplot.png
2025-01-28 23:55:39,151 - INFO - Этап 3/10: Столбчатая диаграмма по подкатегориям
2025-01-28 23:55:39,152 - INFO - Начало построения столбчатой диаграммы по подкатегориям
2025-01-28 23:55:39,205 - INFO - Столбчатая диаграмма сохранена в output_bar_chart.png
2025-01-28 23:55:39,205 - INFO - Этап 4/10: Линейная диаграмма по категориям
2025-01-28 23:55:39,207 - INFO - Начало построения линейной диаграммы по категориям
2025-01-28 23:55:39,396 - INFO - Линейная диаграмма сохранена в output_line_chart.png
2025-01-28 23:55:39,396 - INFO - Этап 5/10: Круговая диаграмма по категориям
2025-01-28 23:55:39,397 - INFO - Начало построения круговой диаграммы по категориям
2025-01-28 23:55:39,426 - INFO - Круговая диаграмма сохранена в output_pie_chart.png
2025-01-28 23:55:39,426 - INFO - Этап 6/10: Маркетинговая воронка
2025-01-28 23:55:39,426 - INFO - Перед вызовом plot_funnel_chart
2025-01-28 23:55:39,426 - INFO - Начало построения маркетинговой воронки (HTML)
2025-01-28 23:55:39,468 - INFO - Попытка сохранить воронку в файл output_funnel_chart.html
2025-01-28 23:55:39,486 - INFO - Воронка успешно сохранена в output_funnel_chart.html
2025-01-28 23:55:39,486 - INFO - После вызова plot_funnel_chart
2025-01-28 23:55:39,486 - INFO - Этап 7/10: Анализ цен
2025-01-28 23:55:39,486 - INFO - Начало построения распределения цен
2025-01-28 23:55:39,539 - INFO - Гистограмма цен сохранена в output_price_distribution.png
2025-01-28 23:55:39,539 - INFO - Этап 8/10: Анализ времени доставки
2025-01-28 23:55:39,539 - INFO - Начало анализа времени доставки
2025-01-28 23:55:39,604 - INFO - График времени доставки сохранен в output_delivery_time_trend.png
2025-01-28 23:55:39,605 - INFO - Этап 9/10: Анализ рейтинга товаров
2025-01-28 23:55:39,605 - INFO - Начало анализа рейтинга товаров
2025-01-28 23:55:39,670 - INFO - График рейтинга сохранен в output_rating_boxplot.png
2025-01-28 23:55:39,671 - INFO - Этап 10/10: Анализ способов оплаты
2025-01-28 23:55:39,671 - INFO - Начало анализа способов оплаты
2025-01-28 23:55:39,702 - INFO - Диаграмма оплат сохранена в output_payment_method_pie_chart.png
2025-01-28 23:55:39,702 - INFO - === АНАЛИЗ УСПЕШНО ЗАВЕРШЕН ===
2025-01-29 11:09:30,289 - INFO - === НАЧАЛО РАБОТЫ СКРИПТА ===
2025-01-29 11:09:30,290 - INFO - Начало загрузки данных: df_sales.xlsx, df_funnel.xlsx
2025-01-29 11:09:30,539 - INFO - Успешно загружено 500 строк продаж и 6 строк воронки
2025-01-29 11:09:30,540 - INFO - Этап 1/10: Гистограмма продаж по дням
2025-01-29 11:09:30,543 - INFO - Начало построения гистограммы продаж по дням
2025-01-29 11:09:30,683 - INFO - Гистограмма сохранена в output_histogram.png
2025-01-29 11:09:30,683 - INFO - Этап 2/10: Boxplot по категориям
2025-01-29 11:09:30,685 - INFO - Начало построения boxplot по категориям
2025-01-29 11:09:30,808 - INFO - Boxplot сохранен в output_boxplot.png
2025-01-29 11:09:30,809 - INFO - Этап 3/10: Столбчатая диаграмма по подкатегориям
2025-01-29 11:09:30,810 - INFO - Начало построения столбчатой диаграммы по подкатегориям
2025-01-29 11:09:30,919 - INFO - Столбчатая диаграмма сохранена в output_bar_chart.png
2025-01-29 11:09:30,919 - INFO - Этап 4/10: Линейная диаграмма по категориям
2025-01-29 11:09:30,922 - INFO - Начало построения линейной диаграммы по категориям
2025-01-29 11:09:31,333 - INFO - Линейная диаграмма сохранена в output_line_chart.png
2025-01-29 11:09:31,334 - INFO - Этап 5/10: Круговая диаграмма по категориям
2025-01-29 11:09:31,334 - INFO - Начало построения круговой диаграммы по категориям
2025-01-29 11:09:31,399 - INFO - Круговая диаграмма сохранена в output_pie_chart.png
2025-01-29 11:09:31,400 - INFO - Этап 6/10: Маркетинговая воронка
2025-01-29 11:09:31,401 - INFO - Перед вызовом plot_funnel_chart
2025-01-29 11:09:31,401 - INFO - Начало построения маркетинговой воронки (HTML)
2025-01-29 11:09:31,491 - INFO - Попытка сохранить воронку в файл output_funnel_chart.html
2025-01-29 11:09:32,241 - INFO - Воронка успешно сохранена в output_funnel_chart.html
2025-01-29 11:09:32,241 - INFO - После вызова plot_funnel_chart
2025-01-29 11:09:32,241 - INFO - Этап 7/10: Анализ цен
2025-01-29 11:09:32,241 - INFO - Начало построения распределения цен
2025-01-29 11:09:32,374 - INFO - Гистограмма цен сохранена в output_price_distribution.png
2025-01-29 11:09:32,375 - INFO - Этап 8/10: Анализ времени доставки
2025-01-29 11:09:32,375 - INFO - Начало анализа времени доставки
2025-01-29 11:09:32,513 - INFO - График времени доставки сохранен в output_delivery_time_trend.png
2025-01-29 11:09:32,513 - INFO - Этап 9/10: Анализ рейтинга товаров
2025-01-29 11:09:32,514 - INFO - Начало анализа рейтинга товаров
2025-01-29 11:09:32,635 - INFO - График рейтинга сохранен в output_rating_boxplot.png
2025-01-29 11:09:32,635 - INFO - Этап 10/10: Анализ способов оплаты
2025-01-29 11:09:32,635 - INFO - Начало анализа способов оплаты
2025-01-29 11:09:32,690 - INFO - Диаграмма оплат сохранена в output_payment_method_pie_chart.png
2025-01-29 11:09:32,690 - INFO - === АНАЛИЗ УСПЕШНО ЗАВЕРШЕН ===
2025-01-29 11:22:08,545 - INFO - === НАЧАЛО РАБОТЫ СКРИПТА ===
2025-01-29 11:22:08,546 - INFO - Начало загрузки данных: df_sales.xlsx, df_funnel.xlsx
2025-01-29 11:22:08,788 - INFO - Успешно загружено 500 строк продаж и 6 строк воронки
2025-01-29 11:22:08,789 - INFO - Этап 1/10: Гистограмма продаж по дням
2025-01-29 11:22:08,791 - INFO - Начало построения гистограммы продаж по дням
2025-01-29 11:22:08,909 - INFO - Гистограмма сохранена в output_histogram.png
2025-01-29 11:22:08,909 - INFO - Этап 2/10: Boxplot по категориям
2025-01-29 11:22:08,911 - INFO - Начало построения boxplot по категориям
2025-01-29 11:22:09,034 - INFO - Boxplot сохранен в output_boxplot.png
2025-01-29 11:22:09,035 - INFO - Этап 3/10: Столбчатая диаграмма по подкатегориям
2025-01-29 11:22:09,036 - INFO - Начало построения столбчатой диаграммы по подкатегориям
2025-01-29 11:22:09,167 - INFO - Столбчатая диаграмма сохранена в output_bar_chart.png
2025-01-29 11:22:09,167 - INFO - Этап 4/10: Линейная диаграмма по категориям
2025-01-29 11:22:09,170 - INFO - Начало построения линейной диаграммы по категориям
2025-01-29 11:22:09,531 - INFO - Линейная диаграмма сохранена в output_line_chart.png
2025-01-29 11:22:09,533 - INFO - Этап 5/10: Круговая диаграмма по категориям
2025-01-29 11:22:09,534 - INFO - Начало построения круговой диаграммы по категориям
2025-01-29 11:22:09,586 - INFO - Круговая диаграмма сохранена в output_pie_chart.png
2025-01-29 11:22:09,586 - INFO - Этап 6/10: Маркетинговая воронка
2025-01-29 11:22:09,587 - INFO - Перед вызовом plot_funnel_chart
2025-01-29 11:22:09,587 - INFO - Начало построения маркетинговой воронки (HTML)
2025-01-29 11:22:09,663 - INFO - Попытка сохранить воронку в файл output_funnel_chart.png
2025-01-29 11:22:09,665 - ERROR - Ошибка при сохранении воронки в HTML: write_image() got an unexpected keyword argument 'auto_open'
Traceback (most recent call last):
  File "C:\GitHub\visualization_date\main.py", line 185, in plot_funnel_chart
    fig.write_image(filename, auto_open=False)
  File "C:\GitHub\visualization_date\.venv\lib\site-packages\plotly\basedatatypes.py", line 3827, in write_image
    return pio.write_image(self, *args, **kwargs)
TypeError: write_image() got an unexpected keyword argument 'auto_open'
2025-01-29 11:22:09,683 - INFO - Воронка отображена интерактивно из-за ошибки.
2025-01-29 11:22:09,684 - INFO - После вызова plot_funnel_chart
2025-01-29 11:22:09,684 - INFO - Этап 7/10: Анализ цен
2025-01-29 11:22:09,684 - INFO - Начало построения распределения цен
2025-01-29 11:22:09,790 - INFO - Гистограмма цен сохранена в output_price_distribution.png
2025-01-29 11:22:09,791 - INFO - Этап 8/10: Анализ времени доставки
2025-01-29 11:22:09,791 - INFO - Начало анализа времени доставки
2025-01-29 11:22:09,926 - INFO - График времени доставки сохранен в output_delivery_time_trend.png
2025-01-29 11:22:09,926 - INFO - Этап 9/10: Анализ рейтинга товаров
2025-01-29 11:22:09,928 - INFO - Начало анализа рейтинга товаров
2025-01-29 11:22:10,049 - INFO - График рейтинга сохранен в output_rating_boxplot.png
2025-01-29 11:22:10,050 - INFO - Этап 10/10: Анализ способов оплаты
2025-01-29 11:22:10,050 - INFO - Начало анализа способов оплаты
2025-01-29 11:22:10,107 - INFO - Диаграмма оплат сохранена в output_payment_method_pie_chart.png
2025-01-29 11:22:10,107 - INFO - === АНАЛИЗ УСПЕШНО ЗАВЕРШЕН ===
2025-01-29 11:23:38,167 - INFO - === НАЧАЛО РАБОТЫ СКРИПТА ===
2025-01-29 11:23:38,169 - INFO - Начало загрузки данных: df_sales.xlsx, df_funnel.xlsx
2025-01-29 11:23:38,404 - INFO - Успешно загружено 500 строк продаж и 6 строк воронки
2025-01-29 11:23:38,406 - INFO - Этап 1/10: Гистограмма продаж по дням
2025-01-29 11:23:38,407 - INFO - Начало построения гистограммы продаж по дням
2025-01-29 11:23:38,521 - INFO - Гистограмма сохранена в output_histogram.png
2025-01-29 11:23:38,522 - INFO - Этап 2/10: Boxplot по категориям
2025-01-29 11:23:38,523 - INFO - Начало построения boxplot по категориям
2025-01-29 11:23:38,645 - INFO - Boxplot сохранен в output_boxplot.png
2025-01-29 11:23:38,647 - INFO - Этап 3/10: Столбчатая диаграмма по подкатегориям
2025-01-29 11:23:38,648 - INFO - Начало построения столбчатой диаграммы по подкатегориям
2025-01-29 11:23:38,748 - INFO - Столбчатая диаграмма сохранена в output_bar_chart.png
2025-01-29 11:23:38,748 - INFO - Этап 4/10: Линейная диаграмма по категориям
2025-01-29 11:23:38,751 - INFO - Начало построения линейной диаграммы по категориям
2025-01-29 11:23:39,105 - INFO - Линейная диаграмма сохранена в output_line_chart.png
2025-01-29 11:23:39,106 - INFO - Этап 5/10: Круговая диаграмма по категориям
2025-01-29 11:23:39,106 - INFO - Начало построения круговой диаграммы по категориям
2025-01-29 11:23:39,160 - INFO - Круговая диаграмма сохранена в output_pie_chart.png
2025-01-29 11:23:39,160 - INFO - Этап 6/10: Маркетинговая воронка
2025-01-29 11:23:39,160 - INFO - Перед вызовом plot_funnel_chart
2025-01-29 11:23:39,161 - INFO - Начало построения маркетинговой воронки (PNG)
2025-01-29 11:23:39,237 - INFO - Попытка сохранить воронку в файл output_funnel_chart.png
2025-01-29 11:23:40,258 - INFO - Воронка успешно сохранена в output_funnel_chart.png
2025-01-29 11:23:40,260 - INFO - После вызова plot_funnel_chart
2025-01-29 11:23:40,260 - INFO - Этап 7/10: Анализ цен
2025-01-29 11:23:40,261 - INFO - Начало построения распределения цен
2025-01-29 11:23:40,378 - INFO - Гистограмма цен сохранена в output_price_distribution.png
2025-01-29 11:23:40,379 - INFO - Этап 8/10: Анализ времени доставки
2025-01-29 11:23:40,379 - INFO - Начало анализа времени доставки
2025-01-29 11:23:40,522 - INFO - График времени доставки сохранен в output_delivery_time_trend.png
2025-01-29 11:23:40,523 - INFO - Этап 9/10: Анализ рейтинга товаров
2025-01-29 11:23:40,523 - INFO - Начало анализа рейтинга товаров
2025-01-29 11:23:40,651 - INFO - График рейтинга сохранен в output_rating_boxplot.png
2025-01-29 11:23:40,652 - INFO - Этап 10/10: Анализ способов оплаты
2025-01-29 11:23:40,654 - INFO - Начало анализа способов оплаты
2025-01-29 11:23:40,707 - INFO - Диаграмма оплат сохранена в output_payment_method_pie_chart.png
2025-01-29 11:23:40,707 - INFO - === АНАЛИЗ УСПЕШНО ЗАВЕРШЕН ===
2025-01-29 11:30:06,899 - INFO - === НАЧАЛО РАБОТЫ СКРИПТА ===
2025-01-29 11:30:06,901 - INFO - Начало загрузки данных: df_sales.xlsx, df_funnel.xlsx
2025-01-29 11:30:07,146 - INFO - Успешно загружено 500 строк продаж и 6 строк воронки
2025-01-29 11:30:07,148 - INFO - Этап 1/10: Гистограмма продаж по дням
2025-01-29 11:30:07,149 - INFO - Начало построения гистограммы продаж по дням
2025-01-29 11:30:07,262 - INFO - Гистограмма сохранена в output_histogram.png
2025-01-29 11:30:07,263 - INFO - Этап 2/10: Boxplot по категориям
2025-01-29 11:30:07,264 - INFO - Начало построения boxplot по категориям
2025-01-29 11:30:07,392 - INFO - Boxplot сохранен в output_boxplot.png
2025-01-29 11:30:07,393 - INFO - Этап 3/10: Столбчатая диаграмма по подкатегориям
2025-01-29 11:30:07,394 - INFO - Начало построения столбчатой диаграммы по подкатегориям
2025-01-29 11:30:07,494 - INFO - Столбчатая диаграмма сохранена в output_bar_chart.png
2025-01-29 11:30:07,495 - INFO - Этап 4/10: Линейная диаграмма по категориям
2025-01-29 11:30:07,497 - INFO - Начало построения линейной диаграммы по категориям
2025-01-29 11:30:07,861 - INFO - Линейная диаграмма сохранена в output_line_chart.png
2025-01-29 11:30:07,862 - INFO - Этап 5/10: Круговая диаграмма по категориям
2025-01-29 11:30:07,863 - INFO - Начало построения круговой диаграммы по категориям
2025-01-29 11:30:07,919 - INFO - Круговая диаграмма сохранена в output_pie_chart.png
2025-01-29 11:30:07,919 - INFO - Этап 6/10: Маркетинговая воронка
2025-01-29 11:30:07,920 - INFO - Перед вызовом plot_funnel_chart
2025-01-29 11:30:07,920 - INFO - Начало построения маркетинговой воронки (PNG)
2025-01-29 11:30:08,010 - INFO - Попытка сохранить воронку в файл output_funnel_chart.png
2025-01-29 11:30:08,869 - INFO - Воронка успешно сохранена в output_funnel_chart.png
2025-01-29 11:30:08,870 - INFO - После вызова plot_funnel_chart
2025-01-29 11:30:08,870 - INFO - Этап 7/10: Анализ цен
2025-01-29 11:30:08,870 - INFO - Начало построения распределения цен
2025-01-29 11:30:08,975 - INFO - Гистограмма цен сохранена в output_price_distribution.png
2025-01-29 11:30:08,976 - INFO - Этап 8/10: Анализ времени доставки
2025-01-29 11:30:08,976 - INFO - Начало анализа времени доставки
2025-01-29 11:30:09,103 - INFO - График времени доставки сохранен в output_delivery_time_trend.png
2025-01-29 11:30:09,104 - INFO - Этап 9/10: Анализ рейтинга товаров
2025-01-29 11:30:09,104 - INFO - Начало анализа рейтинга товаров
2025-01-29 11:30:09,243 - INFO - График рейтинга сохранен в output_rating_boxplot.png
2025-01-29 11:30:09,243 - INFO - Этап 10/10: Анализ способов оплаты
2025-01-29 11:30:09,244 - INFO - Начало анализа способов оплаты
2025-01-29 11:30:09,299 - INFO - Диаграмма оплат сохранена в output_payment_method_pie_chart.png
2025-01-29 11:30:09,299 - INFO - === АНАЛИЗ УСПЕШНО ЗАВЕРШЕН ===
